Determining if the pthread_create exist failed with the following output:
Change Dir: /home/peter/FYP/FastLSH-Python/cmake-build-debug/CMakeFiles/CMakeTmp

Run Build Command:"/usr/bin/make" "cmTC_2f98d/fast"
/usr/bin/make -f CMakeFiles/cmTC_2f98d.dir/build.make CMakeFiles/cmTC_2f98d.dir/build
make[1]: Entering directory '/home/peter/FYP/FastLSH-Python/cmake-build-debug/CMakeFiles/CMakeTmp'
Building C object CMakeFiles/cmTC_2f98d.dir/CheckSymbolExists.c.o
/usr/bin/cc     -o CMakeFiles/cmTC_2f98d.dir/CheckSymbolExists.c.o   -c /home/peter/FYP/FastLSH-Python/cmake-build-debug/CMakeFiles/CMakeTmp/CheckSymbolExists.c
Linking C executable cmTC_2f98d
/home/peter/clion-2016.3.2/bin/cmake/bin/cmake -E cmake_link_script CMakeFiles/cmTC_2f98d.dir/link.txt --verbose=1
/usr/bin/cc       CMakeFiles/cmTC_2f98d.dir/CheckSymbolExists.c.o  -o cmTC_2f98d -rdynamic 
CMakeFiles/cmTC_2f98d.dir/CheckSymbolExists.c.o: In function `main':
CheckSymbolExists.c:(.text+0x16): undefined reference to `pthread_create'
collect2: error: ld returned 1 exit status
CMakeFiles/cmTC_2f98d.dir/build.make:97: recipe for target 'cmTC_2f98d' failed
make[1]: *** [cmTC_2f98d] Error 1
make[1]: Leaving directory '/home/peter/FYP/FastLSH-Python/cmake-build-debug/CMakeFiles/CMakeTmp'
Makefile:126: recipe for target 'cmTC_2f98d/fast' failed
make: *** [cmTC_2f98d/fast] Error 2

File /home/peter/FYP/FastLSH-Python/cmake-build-debug/CMakeFiles/CMakeTmp/CheckSymbolExists.c:
/* */
#include <pthread.h>

int main(int argc, char** argv)
{
  (void)argv;
#ifndef pthread_create
  return ((int*)(&pthread_create))[argc];
#else
  (void)argc;
  return 0;
#endif
}

Determining if the function pthread_create exists in the pthreads failed with the following output:
Change Dir: /home/peter/FYP/FastLSH-Python/cmake-build-debug/CMakeFiles/CMakeTmp

Run Build Command:"/usr/bin/make" "cmTC_d00ea/fast"
/usr/bin/make -f CMakeFiles/cmTC_d00ea.dir/build.make CMakeFiles/cmTC_d00ea.dir/build
make[1]: Entering directory '/home/peter/FYP/FastLSH-Python/cmake-build-debug/CMakeFiles/CMakeTmp'
Building C object CMakeFiles/cmTC_d00ea.dir/CheckFunctionExists.c.o
/usr/bin/cc    -DCHECK_FUNCTION_EXISTS=pthread_create   -o CMakeFiles/cmTC_d00ea.dir/CheckFunctionExists.c.o   -c /home/peter/clion-2016.3.2/bin/cmake/share/cmake-3.6/Modules/CheckFunctionExists.c
Linking C executable cmTC_d00ea
/home/peter/clion-2016.3.2/bin/cmake/bin/cmake -E cmake_link_script CMakeFiles/cmTC_d00ea.dir/link.txt --verbose=1
/usr/bin/cc   -DCHECK_FUNCTION_EXISTS=pthread_create    CMakeFiles/cmTC_d00ea.dir/CheckFunctionExists.c.o  -o cmTC_d00ea -rdynamic -lpthreads 
/usr/bin/ld: cannot find -lpthreads
collect2: error: ld returned 1 exit status
CMakeFiles/cmTC_d00ea.dir/build.make:97: recipe for target 'cmTC_d00ea' failed
make[1]: *** [cmTC_d00ea] Error 1
make[1]: Leaving directory '/home/peter/FYP/FastLSH-Python/cmake-build-debug/CMakeFiles/CMakeTmp'
Makefile:126: recipe for target 'cmTC_d00ea/fast' failed
make: *** [cmTC_d00ea/fast] Error 2


